<?xml version="1.0" encoding="UTF-8"?>
<!-- Generated by org.testng.reporters.JUnitXMLReporter -->
<testsuite hostname="Homebells-MacBook-Pro-2.local" name="Test 2" tests="5" failures="0" timestamp="31 Jul 2019 06:48:39 GMT" time="25.725" errors="0">
  <testcase name="OpenHomePage_test02" time="25.493" classname="caroobi.CaroobiHomePage"/>
  <testcase name="Accept_Cookies_dialog" time="0.147" classname="caroobi.CaroobiHomePage"/>
  <testcase name="Check_haeder_on_homepage" time="0.074" classname="caroobi.CaroobiHomePage"/>
  <testcase name="Check_Funnel_on_homepage" time="0.0" classname="caroobi.CaroobiHomePage"/>
  <testcase name="Check_Banner_Image_on_homepage" time="0.0" classname="caroobi.CaroobiHomePage"/>
</testsuite> <!-- Test 2 -->
