<?xml version="1.0" encoding="UTF-8"?>
<!-- Generated by org.testng.reporters.JUnitXMLReporter -->
<testsuite hostname="Homebells-MacBook-Pro-2.local" name="Test Class 1" tests="13" failures="1" timestamp="20 Sep 2019 09:55:35 GMT" time="134.929" errors="0">
  <testcase name="getLead_data_from_google_sheet" time="1.207" classname="caroobi.CreateHobertLead"/>
  <testcase name="open_home_page_to_create_austausch_mototor_lead" time="7.365" classname="caroobi.CreateHobertLead"/>
  <testcase name="accept_cookies_dialog" time="6.138" classname="caroobi.CreateHobertLead"/>
  <testcase name="select_service_austausch_motor_on_homepage" time="16.569" classname="caroobi.CreateHobertLead"/>
  <testcase name="select_car_on_homepage" time="0.07" classname="caroobi.CreateHobertLead"/>
  <testcase name="click_on_pin_textbox" time="0.065" classname="caroobi.CreateHobertLead"/>
  <testcase name="clear_pin_textbox" time="0.036" classname="caroobi.CreateHobertLead"/>
  <testcase name="enter_value_in_pin_textbox" time="0.271" classname="caroobi.CreateHobertLead"/>
  <testcase name="click_cta_on_homepage" time="0.061" classname="caroobi.CreateHobertLead"/>
  <testcase name="create_lead_for_auto_offer_generation" time="37.056" classname="caroobi.CreateHobertLead">
    <failure type="junit.framework.AssertionFailedError">
      <![CDATA[junit.framework.AssertionFailedError
	at junit.framework.Assert.fail(Assert.java:55)
	at junit.framework.Assert.assertTrue(Assert.java:22)
	at junit.framework.Assert.assertTrue(Assert.java:31)
	at common.TestBase.click(TestBase.java:451)
	at caroobi.CreateHobertLead.create_lead_for_auto_offer_generation(CreateHobertLead.java:242)
... Removed 24 stack frames]]>
    </failure>
  </testcase> <!-- create_lead_for_auto_offer_generation -->
  <testcase name="Verify_fin_screen_and_fill_fin_details" time="31.049" classname="caroobi.CreateHobertLead"/>
  <testcase name="connect_to_database_to_verify" time="4.02" classname="caroobi.CreateHobertLead"/>
  <testcase name="verify_is_lead_submitted_to_databasd" time="30.995" classname="caroobi.CreateHobertLead"/>
</testsuite> <!-- Test Class 1 -->
