<?xml version="1.0" encoding="UTF-8"?>
<!-- Generated by org.testng.reporters.JUnitXMLReporter -->
<testsuite hostname="Homebells-MacBook-Pro-2.local" name="Test Class 1" tests="37" failures="0" timestamp="27 Aug 2019 10:56:49 GMT" time="80.573" errors="0">
  <testcase name="open_home_page_to_create_lead" time="3.173" classname="caroobi.createLead"/>
  <testcase name="accept_cookies_dialog" time="1.127" classname="caroobi.createLead"/>
  <testcase name="check_select_service_dropdown_on_homepage" time="1.101" classname="caroobi.createLead"/>
  <testcase name="choose_service_dropdown_on_homepage" time="1.145" classname="caroobi.createLead"/>
  <testcase name="select_car_on_homepage" time="1.14" classname="caroobi.createLead"/>
  <testcase name="click_on_pin_textbox" time="6.32" classname="caroobi.createLead"/>
  <testcase name="clear_pin_textbox" time="1.05" classname="caroobi.createLead"/>
  <testcase name="enter_value_in_pin_textbox" time="0.26" classname="caroobi.createLead"/>
  <testcase name="click_homepage_cta" time="3.167" classname="caroobi.createLead"/>
  <testcase name="funnal_choose_model_family" time="4.071" classname="caroobi.createLead"/>
  <testcase name="funnal_choose_karosserieform" time="3.057" classname="caroobi.createLead"/>
  <testcase name="funnal_choose_baujahr" time="3.006" classname="caroobi.createLead"/>
  <testcase name="funnal_choose_model" time="3.009" classname="caroobi.createLead"/>
  <testcase name="funnal_choose_services" time="1.009" classname="caroobi.createLead"/>
  <testcase name="funnal_go_next_from_services" time="1.01" classname="caroobi.createLead"/>
  <testcase name="save_offer" time="2.009" classname="caroobi.createLead"/>
  <testcase name="Save_offer_email_input" time="2.011" classname="caroobi.createLead"/>
  <testcase name="save_offer_email_button_click" time="2.009" classname="caroobi.createLead"/>
  <testcase name="close_send_offer_success_popup" time="1.008" classname="caroobi.createLead"/>
  <testcase name="go_next_from_offer_price_details" time="1.009" classname="caroobi.createLead"/>
  <testcase name="click_on_direct_navigation_button" time="1.011" classname="caroobi.createLead"/>
  <testcase name="click_on_direct_navigation_Close" time="2.009" classname="caroobi.createLead"/>
  <testcase name="more_mechanic_list_open_close" time="1.005" classname="caroobi.createLead"/>
  <testcase name="click_and_open_price_details_popup" time="2.01" classname="caroobi.createLead"/>
  <testcase name="click_and_close_price_details_popup" time="6.012" classname="caroobi.createLead"/>
  <testcase name="Click_next_button_from_mechanic_screen" time="1.015" classname="caroobi.createLead"/>
  <testcase name="click_on_skip_date_selection" time="1.01" classname="caroobi.createLead"/>
  <testcase name="fill_and_submit_lead_name_details" time="1.01" classname="caroobi.createLead"/>
  <testcase name="fill_and_submit_lead_email_details" time="1.015" classname="caroobi.createLead"/>
  <testcase name="fill_and_submit_lead_mobile_number_details" time="1.009" classname="caroobi.createLead"/>
  <testcase name="checkin_page_accordian_open" time="0.0" classname="caroobi.createLead"/>
  <testcase name="checkin_page_accordian_close" time="1.011" classname="caroobi.createLead"/>
  <testcase name="checkin_page_scroll_to_info" time="1.007" classname="caroobi.createLead"/>
  <testcase name="checkin_page_fill_fin_details" time="1.008" classname="caroobi.createLead"/>
  <testcase name="checkin_page_fill_address_details" time="6.009" classname="caroobi.createLead"/>
  <testcase name="checkin_page_fill_comments" time="6.009" classname="caroobi.createLead"/>
  <testcase name="validate_created_lead_in_database_table" time="6.665" classname="caroobi.createLead"/>
</testsuite> <!-- Test Class 1 -->
