<?xml version="1.0" encoding="UTF-8"?>
<!-- Generated by org.testng.reporters.JUnitXMLReporter -->
<testsuite hostname="Homebells-MacBook-Pro-2.local" name="Test Class 2" tests="12" failures="1" timestamp="27 Aug 2019 10:57:19 GMT" time="24.622" errors="0">
  <testcase name="open_home_page_to_create_austausch_mototor_lead" time="0.006" classname="caroobi.automatedOffer"/>
  <testcase name="accept_cookies_dialog" time="0.0" classname="caroobi.automatedOffer"/>
  <testcase name="select_service_austausch_motor_on_homepage" time="1.008" classname="caroobi.automatedOffer"/>
  <testcase name="select_car_on_homepage" time="0.005" classname="caroobi.automatedOffer"/>
  <testcase name="click_on_pin_textbox" time="0.006" classname="caroobi.automatedOffer"/>
  <testcase name="clear_pin_textbox" time="0.006" classname="caroobi.automatedOffer"/>
  <testcase name="enter_value_in_pin_textbox" time="0.005" classname="caroobi.automatedOffer"/>
  <testcase name="check_sf_syncing_of_lead" time="0.0" classname="caroobi.automatedOffer"/>
  <testcase name="click_cta_on_homepage" time="0.005" classname="caroobi.automatedOffer"/>
  <testcase name="create_lead_for_auto_offer_generation" time="7.011" classname="caroobi.automatedOffer"/>
  <testcase name="fin_screen_test" time="1.011" classname="caroobi.automatedOffer"/>
  <testcase name="check_auto_offer_in_database_table" time="15.552" classname="caroobi.automatedOffer">
    <failure type="junit.framework.AssertionFailedError">
      <![CDATA[junit.framework.AssertionFailedError
	at junit.framework.Assert.fail(Assert.java:55)
	at junit.framework.Assert.assertTrue(Assert.java:22)
	at junit.framework.Assert.assertFalse(Assert.java:39)
	at junit.framework.Assert.assertFalse(Assert.java:47)
	at caroobi.automatedOffer.check_auto_offer_in_database_table(automatedOffer.java:291)
... Removed 24 stack frames]]>
    </failure>
  </testcase> <!-- check_auto_offer_in_database_table -->
</testsuite> <!-- Test Class 2 -->
