<?xml version="1.0" encoding="UTF-8"?>
<testng-results skipped="0" failed="4" total="18" passed="14">
  <reporter-output>
  </reporter-output>
  <suite name="Suite" duration-ms="319098" started-at="2019-09-20T09:53:16Z" finished-at="2019-09-20T09:58:35Z">
    <groups>
    </groups>
    <test name="Test Class 1" duration-ms="134929" started-at="2019-09-20T09:53:16Z" finished-at="2019-09-20T09:55:30Z">
      <class name="caroobi.CreateHobertLead">
        <test-method status="PASS" signature="getLead_data_from_google_sheet()[pri:0, instance:caroobi.CreateHobertLead@7d70d1b1]" name="getLead_data_from_google_sheet" duration-ms="1207" started-at="2019-09-20T15:23:16Z" finished-at="2019-09-20T15:23:17Z">
          <reporter-output>
          </reporter-output>
        </test-method> <!-- getLead_data_from_google_sheet -->
        <test-method status="PASS" signature="open_home_page_to_create_austausch_mototor_lead()[pri:1, instance:caroobi.CreateHobertLead@7d70d1b1]" name="open_home_page_to_create_austausch_mototor_lead" duration-ms="7365" started-at="2019-09-20T15:23:17Z" finished-at="2019-09-20T15:23:24Z">
          <reporter-output>
          </reporter-output>
        </test-method> <!-- open_home_page_to_create_austausch_mototor_lead -->
        <test-method status="PASS" signature="accept_cookies_dialog()[pri:2, instance:caroobi.CreateHobertLead@7d70d1b1]" name="accept_cookies_dialog" duration-ms="6138" started-at="2019-09-20T15:23:24Z" finished-at="2019-09-20T15:23:30Z">
          <reporter-output>
          </reporter-output>
        </test-method> <!-- accept_cookies_dialog -->
        <test-method status="PASS" signature="select_service_austausch_motor_on_homepage()[pri:3, instance:caroobi.CreateHobertLead@7d70d1b1]" name="select_service_austausch_motor_on_homepage" duration-ms="16569" started-at="2019-09-20T15:23:30Z" finished-at="2019-09-20T15:23:47Z">
          <reporter-output>
          </reporter-output>
        </test-method> <!-- select_service_austausch_motor_on_homepage -->
        <test-method status="PASS" signature="select_car_on_homepage()[pri:4, instance:caroobi.CreateHobertLead@7d70d1b1]" name="select_car_on_homepage" duration-ms="70" started-at="2019-09-20T15:23:47Z" finished-at="2019-09-20T15:23:47Z">
          <reporter-output>
          </reporter-output>
        </test-method> <!-- select_car_on_homepage -->
        <test-method status="PASS" signature="click_on_pin_textbox()[pri:5, instance:caroobi.CreateHobertLead@7d70d1b1]" name="click_on_pin_textbox" duration-ms="65" started-at="2019-09-20T15:23:47Z" finished-at="2019-09-20T15:23:47Z">
          <reporter-output>
          </reporter-output>
        </test-method> <!-- click_on_pin_textbox -->
        <test-method status="PASS" signature="clear_pin_textbox()[pri:6, instance:caroobi.CreateHobertLead@7d70d1b1]" name="clear_pin_textbox" duration-ms="36" started-at="2019-09-20T15:23:47Z" finished-at="2019-09-20T15:23:47Z">
          <reporter-output>
          </reporter-output>
        </test-method> <!-- clear_pin_textbox -->
        <test-method status="PASS" signature="enter_value_in_pin_textbox()[pri:7, instance:caroobi.CreateHobertLead@7d70d1b1]" name="enter_value_in_pin_textbox" duration-ms="271" started-at="2019-09-20T15:23:47Z" finished-at="2019-09-20T15:23:47Z">
          <reporter-output>
          </reporter-output>
        </test-method> <!-- enter_value_in_pin_textbox -->
        <test-method status="PASS" signature="click_cta_on_homepage()[pri:8, instance:caroobi.CreateHobertLead@7d70d1b1]" name="click_cta_on_homepage" duration-ms="61" started-at="2019-09-20T15:23:47Z" finished-at="2019-09-20T15:23:47Z">
          <reporter-output>
          </reporter-output>
        </test-method> <!-- click_cta_on_homepage -->
        <test-method status="FAIL" signature="create_lead_for_auto_offer_generation()[pri:9, instance:caroobi.CreateHobertLead@7d70d1b1]" name="create_lead_for_auto_offer_generation" duration-ms="37056" started-at="2019-09-20T15:23:47Z" finished-at="2019-09-20T15:24:24Z">
          <exception class="junit.framework.AssertionFailedError">
            <full-stacktrace>
              <![CDATA[junit.framework.AssertionFailedError
	at junit.framework.Assert.fail(Assert.java:55)
	at junit.framework.Assert.assertTrue(Assert.java:22)
	at junit.framework.Assert.assertTrue(Assert.java:31)
	at common.TestBase.click(TestBase.java:451)
	at caroobi.CreateHobertLead.create_lead_for_auto_offer_generation(CreateHobertLead.java:242)
	at sun.reflect.NativeMethodAccessorImpl.invoke0(Native Method)
	at sun.reflect.NativeMethodAccessorImpl.invoke(NativeMethodAccessorImpl.java:62)
	at sun.reflect.DelegatingMethodAccessorImpl.invoke(DelegatingMethodAccessorImpl.java:43)
	at java.lang.reflect.Method.invoke(Method.java:498)
	at org.testng.internal.MethodInvocationHelper.invokeMethod(MethodInvocationHelper.java:86)
	at org.testng.internal.Invoker.invokeMethod(Invoker.java:645)
	at org.testng.internal.Invoker.invokeTestMethod(Invoker.java:822)
	at org.testng.internal.Invoker.invokeTestMethods(Invoker.java:1130)
	at org.testng.internal.TestMethodWorker.invokeTestMethods(TestMethodWorker.java:129)
	at org.testng.internal.TestMethodWorker.run(TestMethodWorker.java:112)
	at org.testng.TestRunner.privateRun(TestRunner.java:782)
	at org.testng.TestRunner.run(TestRunner.java:632)
	at org.testng.SuiteRunner.runTest(SuiteRunner.java:366)
	at org.testng.SuiteRunner.runSequentially(SuiteRunner.java:361)
	at org.testng.SuiteRunner.privateRun(SuiteRunner.java:319)
	at org.testng.SuiteRunner.run(SuiteRunner.java:268)
	at org.testng.SuiteRunnerWorker.runSuite(SuiteRunnerWorker.java:52)
	at org.testng.SuiteRunnerWorker.run(SuiteRunnerWorker.java:86)
	at org.testng.TestNG.runSuitesSequentially(TestNG.java:1244)
	at org.testng.TestNG.runSuitesLocally(TestNG.java:1169)
	at org.testng.TestNG.run(TestNG.java:1064)
	at org.testng.remote.RemoteTestNG.run(RemoteTestNG.java:113)
	at org.testng.remote.RemoteTestNG.initAndRun(RemoteTestNG.java:206)
	at org.testng.remote.RemoteTestNG.main(RemoteTestNG.java:177)
]]>
            </full-stacktrace>
          </exception> <!-- junit.framework.AssertionFailedError -->
          <reporter-output>
          </reporter-output>
        </test-method> <!-- create_lead_for_auto_offer_generation -->
        <test-method status="PASS" signature="Verify_fin_screen_and_fill_fin_details()[pri:10, instance:caroobi.CreateHobertLead@7d70d1b1]" name="Verify_fin_screen_and_fill_fin_details" duration-ms="31049" started-at="2019-09-20T15:24:24Z" finished-at="2019-09-20T15:24:55Z">
          <reporter-output>
          </reporter-output>
        </test-method> <!-- Verify_fin_screen_and_fill_fin_details -->
        <test-method status="PASS" signature="connect_to_database_to_verify()[pri:11, instance:caroobi.CreateHobertLead@7d70d1b1]" name="connect_to_database_to_verify" duration-ms="4020" started-at="2019-09-20T15:24:55Z" finished-at="2019-09-20T15:24:59Z">
          <reporter-output>
          </reporter-output>
        </test-method> <!-- connect_to_database_to_verify -->
        <test-method status="PASS" signature="verify_is_lead_submitted_to_databasd()[pri:12, instance:caroobi.CreateHobertLead@7d70d1b1]" name="verify_is_lead_submitted_to_databasd" duration-ms="30995" started-at="2019-09-20T15:24:59Z" finished-at="2019-09-20T15:25:30Z">
          <reporter-output>
          </reporter-output>
        </test-method> <!-- verify_is_lead_submitted_to_databasd -->
      </class> <!-- caroobi.CreateHobertLead -->
    </test> <!-- Test Class 1 -->
    <test name="Test Class 2" duration-ms="179135" started-at="2019-09-20T09:55:35Z" finished-at="2019-09-20T09:58:35Z">
      <class name="caroobi.LeadQueue">
        <test-method status="PASS" signature="initbrowser(java.lang.String)[pri:0, instance:caroobi.LeadQueue@587d1d39]" name="initbrowser" is-config="true" duration-ms="1962" started-at="2019-09-20T15:23:14Z" finished-at="2019-09-20T15:23:16Z">
          <params>
            <param index="0">
              <value>
                <![CDATA[chrome]]>
              </value>
            </param>
          </params>
          <reporter-output>
          </reporter-output>
        </test-method> <!-- initbrowser -->
        <test-method status="PASS" signature="login_to_starfleet_application()[pri:0, instance:caroobi.LeadQueue@587d1d39]" name="login_to_starfleet_application" duration-ms="112016" started-at="2019-09-20T15:25:35Z" finished-at="2019-09-20T15:27:27Z">
          <reporter-output>
          </reporter-output>
        </test-method> <!-- login_to_starfleet_application -->
        <test-method status="FAIL" signature="apply_filters_in_lead_queue()[pri:1, instance:caroobi.LeadQueue@587d1d39]" name="apply_filters_in_lead_queue" duration-ms="32051" started-at="2019-09-20T15:27:27Z" finished-at="2019-09-20T15:28:00Z">
          <exception class="org.openqa.selenium.NoSuchElementException">
            <message>
              <![CDATA[no such element: Unable to locate element: {"method":"xpath","selector":"//*[@id='lead_age_hours_chosen']"}
  (Session info: chrome=76.0.3809.132)
  (Driver info: chromedriver=2.38.552518 (183d19265345f54ce39cbb94cf81ba5f15905011),platform=Mac OS X 10.12.6 x86_64) (WARNING: The server did not provide any stacktrace information)
Command duration or timeout: 0 milliseconds
For documentation on this error, please visit: https://www.seleniumhq.org/exceptions/no_such_element.html
Build info: version: '3.141.59', revision: 'e82be7d358', time: '2018-11-14T08:17:03'
System info: host: 'Homebells-MacBook-Pro-2.local', ip: 'fe80:0:0:0:9b:91e7:c4a0:d876%en0', os.name: 'Mac OS X', os.arch: 'x86_64', os.version: '10.12.6', java.version: '1.8.0_144'
Driver info: org.openqa.selenium.chrome.ChromeDriver
Capabilities {acceptInsecureCerts: false, acceptSslCerts: false, applicationCacheEnabled: false, browserConnectionEnabled: false, browserName: chrome, chrome: {chromedriverVersion: 2.38.552518 (183d19265345f5..., userDataDir: /var/folders/jq/rrf_qymx39s...}, cssSelectorsEnabled: true, databaseEnabled: false, handlesAlerts: true, hasTouchScreen: false, javascriptEnabled: true, locationContextEnabled: true, mobileEmulationEnabled: false, nativeEvents: true, networkConnectionEnabled: false, pageLoadStrategy: normal, platform: MAC, platformName: MAC, rotatable: false, setWindowRect: true, takesHeapSnapshot: true, takesScreenshot: true, unexpectedAlertBehaviour: , unhandledPromptBehavior: , version: 76.0.3809.132, webStorageEnabled: true}
Session ID: 7c67f47f70b68d4e98c55732537d02ec
*** Element info: {Using=xpath, value=//*[@id='lead_age_hours_chosen']}]]>
            </message>
            <full-stacktrace>
              <![CDATA[org.openqa.selenium.NoSuchElementException: no such element: Unable to locate element: {"method":"xpath","selector":"//*[@id='lead_age_hours_chosen']"}
  (Session info: chrome=76.0.3809.132)
  (Driver info: chromedriver=2.38.552518 (183d19265345f54ce39cbb94cf81ba5f15905011),platform=Mac OS X 10.12.6 x86_64) (WARNING: The server did not provide any stacktrace information)
Command duration or timeout: 0 milliseconds
For documentation on this error, please visit: https://www.seleniumhq.org/exceptions/no_such_element.html
Build info: version: '3.141.59', revision: 'e82be7d358', time: '2018-11-14T08:17:03'
System info: host: 'Homebells-MacBook-Pro-2.local', ip: 'fe80:0:0:0:9b:91e7:c4a0:d876%en0', os.name: 'Mac OS X', os.arch: 'x86_64', os.version: '10.12.6', java.version: '1.8.0_144'
Driver info: org.openqa.selenium.chrome.ChromeDriver
Capabilities {acceptInsecureCerts: false, acceptSslCerts: false, applicationCacheEnabled: false, browserConnectionEnabled: false, browserName: chrome, chrome: {chromedriverVersion: 2.38.552518 (183d19265345f5..., userDataDir: /var/folders/jq/rrf_qymx39s...}, cssSelectorsEnabled: true, databaseEnabled: false, handlesAlerts: true, hasTouchScreen: false, javascriptEnabled: true, locationContextEnabled: true, mobileEmulationEnabled: false, nativeEvents: true, networkConnectionEnabled: false, pageLoadStrategy: normal, platform: MAC, platformName: MAC, rotatable: false, setWindowRect: true, takesHeapSnapshot: true, takesScreenshot: true, unexpectedAlertBehaviour: , unhandledPromptBehavior: , version: 76.0.3809.132, webStorageEnabled: true}
Session ID: 7c67f47f70b68d4e98c55732537d02ec
*** Element info: {Using=xpath, value=//*[@id='lead_age_hours_chosen']}
	at sun.reflect.NativeConstructorAccessorImpl.newInstance0(Native Method)
	at sun.reflect.NativeConstructorAccessorImpl.newInstance(NativeConstructorAccessorImpl.java:62)
	at sun.reflect.DelegatingConstructorAccessorImpl.newInstance(DelegatingConstructorAccessorImpl.java:45)
	at java.lang.reflect.Constructor.newInstance(Constructor.java:423)
	at org.openqa.selenium.remote.ErrorHandler.createThrowable(ErrorHandler.java:214)
	at org.openqa.selenium.remote.ErrorHandler.throwIfResponseFailed(ErrorHandler.java:166)
	at org.openqa.selenium.remote.http.JsonHttpResponseCodec.reconstructValue(JsonHttpResponseCodec.java:40)
	at org.openqa.selenium.remote.http.AbstractHttpResponseCodec.decode(AbstractHttpResponseCodec.java:80)
	at org.openqa.selenium.remote.http.AbstractHttpResponseCodec.decode(AbstractHttpResponseCodec.java:44)
	at org.openqa.selenium.remote.HttpCommandExecutor.execute(HttpCommandExecutor.java:158)
	at org.openqa.selenium.remote.service.DriverCommandExecutor.execute(DriverCommandExecutor.java:83)
	at org.openqa.selenium.remote.RemoteWebDriver.execute(RemoteWebDriver.java:552)
	at org.openqa.selenium.remote.RemoteWebDriver.findElement(RemoteWebDriver.java:323)
	at org.openqa.selenium.remote.RemoteWebDriver.findElementByXPath(RemoteWebDriver.java:428)
	at org.openqa.selenium.By$ByXPath.findElement(By.java:353)
	at org.openqa.selenium.remote.RemoteWebDriver.findElement(RemoteWebDriver.java:315)
	at common.TestBase.scrolltoElement(TestBase.java:521)
	at caroobi.LeadQueue.apply_filters_in_lead_queue(LeadQueue.java:51)
	at sun.reflect.NativeMethodAccessorImpl.invoke0(Native Method)
	at sun.reflect.NativeMethodAccessorImpl.invoke(NativeMethodAccessorImpl.java:62)
	at sun.reflect.DelegatingMethodAccessorImpl.invoke(DelegatingMethodAccessorImpl.java:43)
	at java.lang.reflect.Method.invoke(Method.java:498)
	at org.testng.internal.MethodInvocationHelper.invokeMethod(MethodInvocationHelper.java:86)
	at org.testng.internal.Invoker.invokeMethod(Invoker.java:645)
	at org.testng.internal.Invoker.invokeTestMethod(Invoker.java:822)
	at org.testng.internal.Invoker.invokeTestMethods(Invoker.java:1130)
	at org.testng.internal.TestMethodWorker.invokeTestMethods(TestMethodWorker.java:129)
	at org.testng.internal.TestMethodWorker.run(TestMethodWorker.java:112)
	at org.testng.TestRunner.privateRun(TestRunner.java:782)
	at org.testng.TestRunner.run(TestRunner.java:632)
	at org.testng.SuiteRunner.runTest(SuiteRunner.java:366)
	at org.testng.SuiteRunner.runSequentially(SuiteRunner.java:361)
	at org.testng.SuiteRunner.privateRun(SuiteRunner.java:319)
	at org.testng.SuiteRunner.run(SuiteRunner.java:268)
	at org.testng.SuiteRunnerWorker.runSuite(SuiteRunnerWorker.java:52)
	at org.testng.SuiteRunnerWorker.run(SuiteRunnerWorker.java:86)
	at org.testng.TestNG.runSuitesSequentially(TestNG.java:1244)
	at org.testng.TestNG.runSuitesLocally(TestNG.java:1169)
	at org.testng.TestNG.run(TestNG.java:1064)
	at org.testng.remote.RemoteTestNG.run(RemoteTestNG.java:113)
	at org.testng.remote.RemoteTestNG.initAndRun(RemoteTestNG.java:206)
	at org.testng.remote.RemoteTestNG.main(RemoteTestNG.java:177)
]]>
            </full-stacktrace>
          </exception> <!-- org.openqa.selenium.NoSuchElementException -->
          <reporter-output>
          </reporter-output>
        </test-method> <!-- apply_filters_in_lead_queue -->
        <test-method status="PASS" signature="get_lead_to_verify_in_Lead_queue()[pri:2, instance:caroobi.LeadQueue@587d1d39]" name="get_lead_to_verify_in_Lead_queue" duration-ms="0" started-at="2019-09-20T15:28:00Z" finished-at="2019-09-20T15:28:00Z">
          <reporter-output>
          </reporter-output>
        </test-method> <!-- get_lead_to_verify_in_Lead_queue -->
        <test-method status="FAIL" signature="check_lead_on_lead_queue()[pri:3, instance:caroobi.LeadQueue@587d1d39]" name="check_lead_on_lead_queue" duration-ms="5020" started-at="2019-09-20T15:28:00Z" finished-at="2019-09-20T15:28:05Z">
          <exception class="junit.framework.AssertionFailedError">
            <message>
              <![CDATA[Lead is not synced, Testcase is failed.]]>
            </message>
            <full-stacktrace>
              <![CDATA[junit.framework.AssertionFailedError: Lead is not synced, Testcase is failed.
	at junit.framework.Assert.fail(Assert.java:57)
	at caroobi.LeadQueue.check_lead_on_lead_queue(LeadQueue.java:155)
	at sun.reflect.NativeMethodAccessorImpl.invoke0(Native Method)
	at sun.reflect.NativeMethodAccessorImpl.invoke(NativeMethodAccessorImpl.java:62)
	at sun.reflect.DelegatingMethodAccessorImpl.invoke(DelegatingMethodAccessorImpl.java:43)
	at java.lang.reflect.Method.invoke(Method.java:498)
	at org.testng.internal.MethodInvocationHelper.invokeMethod(MethodInvocationHelper.java:86)
	at org.testng.internal.Invoker.invokeMethod(Invoker.java:645)
	at org.testng.internal.Invoker.invokeTestMethod(Invoker.java:822)
	at org.testng.internal.Invoker.invokeTestMethods(Invoker.java:1130)
	at org.testng.internal.TestMethodWorker.invokeTestMethods(TestMethodWorker.java:129)
	at org.testng.internal.TestMethodWorker.run(TestMethodWorker.java:112)
	at org.testng.TestRunner.privateRun(TestRunner.java:782)
	at org.testng.TestRunner.run(TestRunner.java:632)
	at org.testng.SuiteRunner.runTest(SuiteRunner.java:366)
	at org.testng.SuiteRunner.runSequentially(SuiteRunner.java:361)
	at org.testng.SuiteRunner.privateRun(SuiteRunner.java:319)
	at org.testng.SuiteRunner.run(SuiteRunner.java:268)
	at org.testng.SuiteRunnerWorker.runSuite(SuiteRunnerWorker.java:52)
	at org.testng.SuiteRunnerWorker.run(SuiteRunnerWorker.java:86)
	at org.testng.TestNG.runSuitesSequentially(TestNG.java:1244)
	at org.testng.TestNG.runSuitesLocally(TestNG.java:1169)
	at org.testng.TestNG.run(TestNG.java:1064)
	at org.testng.remote.RemoteTestNG.run(RemoteTestNG.java:113)
	at org.testng.remote.RemoteTestNG.initAndRun(RemoteTestNG.java:206)
	at org.testng.remote.RemoteTestNG.main(RemoteTestNG.java:177)
]]>
            </full-stacktrace>
          </exception> <!-- junit.framework.AssertionFailedError -->
          <reporter-output>
          </reporter-output>
        </test-method> <!-- check_lead_on_lead_queue -->
        <test-method status="FAIL" signature="check_lead_score_in_lead_queue()[pri:4, instance:caroobi.LeadQueue@587d1d39]" name="check_lead_score_in_lead_queue" duration-ms="30041" started-at="2019-09-20T15:28:05Z" finished-at="2019-09-20T15:28:35Z">
          <exception class="junit.framework.AssertionFailedError">
            <message>
              <![CDATA[Lead is not synced So can't check lead score.]]>
            </message>
            <full-stacktrace>
              <![CDATA[junit.framework.AssertionFailedError: Lead is not synced So can't check lead score.
	at junit.framework.Assert.fail(Assert.java:57)
	at caroobi.LeadQueue.check_lead_score_in_lead_queue(LeadQueue.java:179)
	at sun.reflect.NativeMethodAccessorImpl.invoke0(Native Method)
	at sun.reflect.NativeMethodAccessorImpl.invoke(NativeMethodAccessorImpl.java:62)
	at sun.reflect.DelegatingMethodAccessorImpl.invoke(DelegatingMethodAccessorImpl.java:43)
	at java.lang.reflect.Method.invoke(Method.java:498)
	at org.testng.internal.MethodInvocationHelper.invokeMethod(MethodInvocationHelper.java:86)
	at org.testng.internal.Invoker.invokeMethod(Invoker.java:645)
	at org.testng.internal.Invoker.invokeTestMethod(Invoker.java:822)
	at org.testng.internal.Invoker.invokeTestMethods(Invoker.java:1130)
	at org.testng.internal.TestMethodWorker.invokeTestMethods(TestMethodWorker.java:129)
	at org.testng.internal.TestMethodWorker.run(TestMethodWorker.java:112)
	at org.testng.TestRunner.privateRun(TestRunner.java:782)
	at org.testng.TestRunner.run(TestRunner.java:632)
	at org.testng.SuiteRunner.runTest(SuiteRunner.java:366)
	at org.testng.SuiteRunner.runSequentially(SuiteRunner.java:361)
	at org.testng.SuiteRunner.privateRun(SuiteRunner.java:319)
	at org.testng.SuiteRunner.run(SuiteRunner.java:268)
	at org.testng.SuiteRunnerWorker.runSuite(SuiteRunnerWorker.java:52)
	at org.testng.SuiteRunnerWorker.run(SuiteRunnerWorker.java:86)
	at org.testng.TestNG.runSuitesSequentially(TestNG.java:1244)
	at org.testng.TestNG.runSuitesLocally(TestNG.java:1169)
	at org.testng.TestNG.run(TestNG.java:1064)
	at org.testng.remote.RemoteTestNG.run(RemoteTestNG.java:113)
	at org.testng.remote.RemoteTestNG.initAndRun(RemoteTestNG.java:206)
	at org.testng.remote.RemoteTestNG.main(RemoteTestNG.java:177)
]]>
            </full-stacktrace>
          </exception> <!-- junit.framework.AssertionFailedError -->
          <reporter-output>
          </reporter-output>
        </test-method> <!-- check_lead_score_in_lead_queue -->
      </class> <!-- caroobi.LeadQueue -->
    </test> <!-- Test Class 2 -->
  </suite> <!-- Suite -->
</testng-results>
