<?xml version="1.0" encoding="UTF-8"?>
<!-- Generated by org.testng.reporters.JUnitXMLReporter -->
<testsuite hostname="Homebells-MacBook-Pro-2.local" ignored="0" name="Command line test" tests="1" failures="1" timestamp="30 Jul 2019 06:18:03 GMT" time="2.68" errors="0">
  <testcase name="testEasy" time="0.001" classname="caroobi.FirstTest">
    <failure type="java.lang.Error" message="Unresolved compilation problem: 
	Assert cannot be resolved
">
      <![CDATA[java.lang.Error: Unresolved compilation problem: 
Assert cannot be resolved

at caroobi.FirstTest.testEasy(FirstTest.java:29)
... Removed 34 stack frames]]>
    </failure>
  </testcase> <!-- testEasy -->
</testsuite> <!-- Command line test -->
